2024-12-06 19:16:30,012 INFO o.a.j.u.JMeterUtils: Setting Locale to en_GB
2024-12-06 19:16:30,029 INFO o.a.j.JMeter: Loading user properties from: user.properties
2024-12-06 19:16:30,030 INFO o.a.j.JMeter: Loading system properties from: system.properties
2024-12-06 19:16:30,030 INFO o.a.j.JMeter: Loading additional properties from: D:\JMeter 5.6.3\apache-jmeter-5.6.3\bin\user.properties
2024-12-06 19:16:30,036 INFO o.a.j.JMeter: Copyright (c) 1998-2024 The Apache Software Foundation
2024-12-06 19:16:30,036 INFO o.a.j.JMeter: Version 5.6.3
2024-12-06 19:16:30,036 INFO o.a.j.JMeter: java.version=21.0.5
2024-12-06 19:16:30,036 INFO o.a.j.JMeter: java.vm.name=Java HotSpot(TM) 64-Bit Server VM
2024-12-06 19:16:30,036 INFO o.a.j.JMeter: os.name=Windows 11
2024-12-06 19:16:30,036 INFO o.a.j.JMeter: os.arch=amd64
2024-12-06 19:16:30,036 INFO o.a.j.JMeter: os.version=10.0
2024-12-06 19:16:30,036 INFO o.a.j.JMeter: file.encoding=UTF-8
2024-12-06 19:16:30,036 INFO o.a.j.JMeter: java.awt.headless=true
2024-12-06 19:16:30,036 INFO o.a.j.JMeter: Max memory     =2076180480
2024-12-06 19:16:30,036 INFO o.a.j.JMeter: Available Processors =8
2024-12-06 19:16:30,046 INFO o.a.j.JMeter: Default Locale=English (United Kingdom)
2024-12-06 19:16:30,047 INFO o.a.j.JMeter: JMeter  Locale=English (United Kingdom)
2024-12-06 19:16:30,047 INFO o.a.j.JMeter: JMeterHome=D:\JMeter 5.6.3\apache-jmeter-5.6.3
2024-12-06 19:16:30,047 INFO o.a.j.JMeter: user.dir  =D:\JMeter 5.6.3\apache-jmeter-5.6.3\bin
2024-12-06 19:16:30,047 INFO o.a.j.JMeter: PWD       =D:\JMeter 5.6.3\apache-jmeter-5.6.3\bin
2024-12-06 19:16:30,162 INFO o.a.j.JMeter: IP: 192.168.1.227 Name: George-PC FullName: George-PC.home
2024-12-06 19:16:30,186 INFO o.a.j.JMeter: Setting property 'jmeter.reportgenerator.outputdir' to:'D:\JMeter 5.6.3\apache-jmeter-5.6.3\bin\Sprint 1\html_report'
2024-12-06 19:16:30,189 INFO o.a.j.r.d.ReportGenerator: ReportGenerator will use for Parsing the separator: ','
2024-12-06 19:16:30,189 INFO o.a.j.r.d.ReportGenerator: Will only generate report from results file: D:\JMeter 5.6.3\apache-jmeter-5.6.3\bin\Sprint 1\TestResults.cvs
2024-12-06 19:16:30,189 INFO o.a.j.r.d.ReportGenerator: Reading report generator properties from: D:\JMeter 5.6.3\apache-jmeter-5.6.3\bin\reportgenerator.properties
2024-12-06 19:16:30,201 INFO o.a.j.r.d.ReportGenerator: Merging with JMeter properties
2024-12-06 19:16:30,206 INFO o.a.j.r.c.ReportGeneratorConfiguration: Property 'jmeter.reportgenerator.temp_dir' not found, using default value 'temp' instead.
2024-12-06 19:16:30,208 INFO o.a.j.r.c.ReportGeneratorConfiguration: Property 'jmeter.reportgenerator.apdex_per_transaction' not found, using default value 'null' instead.
2024-12-06 19:16:30,227 INFO o.a.j.r.c.ReportGeneratorConfiguration: apdex_per_transaction is empty, not APDEX per transaction customization
2024-12-06 19:16:30,227 INFO o.a.j.r.c.ReportGeneratorConfiguration: Property 'jmeter.reportgenerator.sample_filter' not found, using default value 'null' instead.
2024-12-06 19:16:30,227 INFO o.a.j.r.c.ReportGeneratorConfiguration: Property 'jmeter.reportgenerator.report_title' not found, using default value 'null' instead.
2024-12-06 19:16:30,227 INFO o.a.j.r.c.ReportGeneratorConfiguration: Property 'jmeter.reportgenerator.start_date' not found, using default value 'null' instead.
2024-12-06 19:16:30,227 INFO o.a.j.r.c.ReportGeneratorConfiguration: Property 'jmeter.reportgenerator.end_date' not found, using default value 'null' instead.
2024-12-06 19:16:30,227 INFO o.a.j.r.c.ReportGeneratorConfiguration: Property 'jmeter.reportgenerator.date_format' not found, using default value 'null' instead.
2024-12-06 19:16:30,229 INFO o.a.j.r.c.ReportGeneratorConfiguration: Will use date range start date: null, end date: null
2024-12-06 19:16:30,233 INFO o.a.j.r.c.ReportGeneratorConfiguration: Property 'jmeter.reportgenerator.graph.totalTPS.exclude_controllers' not found, using default value 'false' instead.
2024-12-06 19:16:30,233 INFO o.a.j.r.c.ReportGeneratorConfiguration: Property 'jmeter.reportgenerator.graph.activeThreadsOverTime.exclude_controllers' not found, using default value 'false' instead.
2024-12-06 19:16:30,234 INFO o.a.j.r.c.ReportGeneratorConfiguration: Property 'jmeter.reportgenerator.graph.timeVsThreads.exclude_controllers' not found, using default value 'false' instead.
2024-12-06 19:16:30,234 INFO o.a.j.r.c.ReportGeneratorConfiguration: Property 'jmeter.reportgenerator.graph.responseTimeDistribution.exclude_controllers' not found, using default value 'false' instead.
2024-12-06 19:16:30,234 INFO o.a.j.r.c.ReportGeneratorConfiguration: Property 'jmeter.reportgenerator.graph.transactionsPerSecond.exclude_controllers' not found, using default value 'false' instead.
2024-12-06 19:16:30,234 INFO o.a.j.r.c.ReportGeneratorConfiguration: Property 'jmeter.reportgenerator.graph.responseTimePercentiles.exclude_controllers' not found, using default value 'false' instead.
2024-12-06 19:16:30,234 INFO o.a.j.r.c.ReportGeneratorConfiguration: Property 'jmeter.reportgenerator.graph.responseTimePercentilesOverTime.exclude_controllers' not found, using default value 'false' instead.
2024-12-06 19:16:30,234 INFO o.a.j.r.c.ReportGeneratorConfiguration: Property 'jmeter.reportgenerator.graph.responseTimesOverTime.exclude_controllers' not found, using default value 'false' instead.
2024-12-06 19:16:30,234 INFO o.a.j.r.c.ReportGeneratorConfiguration: Property 'jmeter.reportgenerator.graph.connectTimeOverTime.exclude_controllers' not found, using default value 'false' instead.
2024-12-06 19:16:30,234 INFO o.a.j.r.c.ReportGeneratorConfiguration: Property 'jmeter.reportgenerator.graph.latenciesOverTime.exclude_controllers' not found, using default value 'false' instead.
2024-12-06 19:16:30,235 INFO o.a.j.r.c.ReportGeneratorConfiguration: Property 'jmeter.reportgenerator.exporter.json.filters_only_sample_series' not found, using default value 'true' instead.
2024-12-06 19:16:30,235 INFO o.a.j.r.c.ReportGeneratorConfiguration: Property 'jmeter.reportgenerator.exporter.json.series_filter' not found, using default value '' instead.
2024-12-06 19:16:30,235 INFO o.a.j.r.c.ReportGeneratorConfiguration: Property 'jmeter.reportgenerator.exporter.json.show_controllers_only' not found, using default value 'false' instead.
2024-12-06 19:16:30,235 INFO o.a.j.r.c.ReportGeneratorConfiguration: Property 'jmeter.reportgenerator.exporter.html.filters_only_sample_series' not found, using default value 'true' instead.
2024-12-06 19:16:30,235 INFO o.a.j.r.c.ReportGeneratorConfiguration: Property 'jmeter.reportgenerator.exporter.html.series_filter' not found, using default value '' instead.
2024-12-06 19:16:30,235 INFO o.a.j.r.c.ReportGeneratorConfiguration: Property 'jmeter.reportgenerator.exporter.html.show_controllers_only' not found, using default value 'false' instead.
2024-12-06 19:16:30,417 INFO o.a.j.s.SaveService: Testplan (JMX) version: 2.2. Testlog (JTL) version: 2.2
2024-12-06 19:16:30,447 INFO o.a.j.s.SaveService: Using SaveService properties version 5.0
2024-12-06 19:16:30,449 INFO o.a.j.s.SaveService: Using SaveService properties file encoding UTF-8
2024-12-06 19:16:30,492 INFO o.a.j.r.p.NormalizerSampleConsumer: Using format, 'ms', to parse timeStamp field
2024-12-06 19:17:52,031 INFO o.a.j.r.p.AbstractSampleConsumer: class org.apache.jmeter.report.processor.AggregateConsumer#stopProducing(): beginDate produced 0 samples
2024-12-06 19:17:52,031 INFO o.a.j.r.p.AbstractSampleConsumer: class org.apache.jmeter.report.processor.AggregateConsumer#stopProducing(): endDate produced 0 samples
2024-12-06 19:17:52,033 INFO o.a.j.r.p.AbstractSampleConsumer: class org.apache.jmeter.report.processor.ApdexSummaryConsumer#stopProducing(): apdexSummary produced 0 samples
2024-12-06 19:17:52,033 INFO o.a.j.r.p.AbstractSampleConsumer: class org.apache.jmeter.report.processor.RequestsSummaryConsumer#stopProducing(): requestsSummary produced 0 samples
2024-12-06 19:17:52,055 INFO o.a.j.r.p.AbstractSampleConsumer: class org.apache.jmeter.report.processor.StatisticsSummaryConsumer#stopProducing(): statisticsSummary produced 0 samples
2024-12-06 19:17:52,058 INFO o.a.j.r.p.AbstractSampleConsumer: class org.apache.jmeter.report.processor.Top5ErrorsBySamplerConsumer#stopProducing(): top5ErrorsBySampler produced 0 samples
2024-12-06 19:17:52,059 INFO o.a.j.r.p.AbstractSampleConsumer: class org.apache.jmeter.report.processor.ErrorsSummaryConsumer#stopProducing(): errorsSummary produced 0 samples
2024-12-06 19:17:52,059 INFO o.a.j.r.p.AbstractSampleConsumer: class org.apache.jmeter.report.processor.graph.impl.HitsPerSecondGraphConsumer#stopProducing(): hitsPerSecond produced 0 samples
2024-12-06 19:18:38,106 INFO o.a.j.r.p.AbstractSampleConsumer: class org.apache.jmeter.report.processor.graph.impl.LatencyVSRequestGraphConsumer#stopProducing(): latencyVsRequest produced 0 samples
2024-12-06 19:18:38,153 INFO o.a.j.r.p.AbstractSampleConsumer: class org.apache.jmeter.report.processor.graph.impl.SyntheticResponseTimeDistributionGraphConsumer#stopProducing(): syntheticResponseTimeDistribution produced 0 samples
2024-12-06 19:18:38,154 INFO o.a.j.r.p.AbstractSampleConsumer: class org.apache.jmeter.report.processor.graph.impl.BytesThroughputGraphConsumer#stopProducing(): bytesThroughputOverTime produced 0 samples
2024-12-06 19:18:38,154 INFO o.a.j.r.p.AbstractSampleConsumer: class org.apache.jmeter.report.processor.graph.impl.CodesPerSecondGraphConsumer#stopProducing(): codesPerSecond produced 0 samples
2024-12-06 19:19:21,973 INFO o.a.j.r.p.AbstractSampleConsumer: class org.apache.jmeter.report.processor.graph.impl.ResponseTimeVSRequestGraphConsumer#stopProducing(): responseTimeVsRequest produced 0 samples
2024-12-06 19:19:22,019 INFO o.a.j.r.p.AbstractSampleConsumer: class org.apache.jmeter.report.processor.FilterConsumer#stopProducing(): startIntervalControlerFilter produced 49827512 samples
2024-12-06 19:19:22,019 INFO o.a.j.r.p.AbstractSampleConsumer: class org.apache.jmeter.report.processor.graph.impl.TotalTPSGraphConsumer#stopProducing(): totalTPS produced 0 samples
2024-12-06 19:19:22,019 INFO o.a.j.r.p.AbstractSampleConsumer: class org.apache.jmeter.report.processor.graph.impl.ActiveThreadsGraphConsumer#stopProducing(): activeThreadsOverTime produced 0 samples
2024-12-06 19:19:22,020 INFO o.a.j.r.p.AbstractSampleConsumer: class org.apache.jmeter.report.processor.graph.impl.TimeVSThreadGraphConsumer#stopProducing(): timeVsThreads produced 0 samples
2024-12-06 19:19:22,025 INFO o.a.j.r.p.AbstractSampleConsumer: class org.apache.jmeter.report.processor.graph.impl.ResponseTimeDistributionGraphConsumer#stopProducing(): responseTimeDistribution produced 0 samples
2024-12-06 19:19:22,025 INFO o.a.j.r.p.AbstractSampleConsumer: class org.apache.jmeter.report.processor.graph.impl.TransactionsPerSecondGraphConsumer#stopProducing(): transactionsPerSecond produced 0 samples
2024-12-06 19:19:22,027 INFO o.a.j.r.p.AbstractSampleConsumer: class org.apache.jmeter.report.processor.graph.impl.ResponseTimePercentilesGraphConsumer#stopProducing(): responseTimePercentiles produced 0 samples
2024-12-06 19:19:22,038 INFO o.a.j.r.p.AbstractSampleConsumer: class org.apache.jmeter.report.processor.graph.impl.ResponseTimePercentilesOverTimeGraphConsumer#stopProducing(): responseTimePercentilesOverTime produced 0 samples
2024-12-06 19:19:22,075 INFO o.a.j.r.p.AbstractSampleConsumer: class org.apache.jmeter.report.processor.graph.impl.ResponseTimeOverTimeGraphConsumer#stopProducing(): responseTimesOverTime produced 0 samples
2024-12-06 19:19:22,076 INFO o.a.j.r.p.AbstractSampleConsumer: class org.apache.jmeter.report.processor.graph.impl.ConnectTimeOverTimeGraphConsumer#stopProducing(): connectTimeOverTime produced 0 samples
2024-12-06 19:19:22,077 INFO o.a.j.r.p.AbstractSampleConsumer: class org.apache.jmeter.report.processor.graph.impl.LatencyOverTimeGraphConsumer#stopProducing(): latenciesOverTime produced 0 samples
2024-12-06 19:19:22,079 INFO o.a.j.r.p.AbstractSampleConsumer: class org.apache.jmeter.report.processor.FilterConsumer#stopProducing(): nameFilter produced 107411730 samples
2024-12-06 19:19:22,079 INFO o.a.j.r.p.AbstractSampleConsumer: class org.apache.jmeter.report.processor.FilterConsumer#stopProducing(): dateRangeFilter produced 21482346 samples
2024-12-06 19:19:22,079 INFO o.a.j.r.p.AbstractSampleConsumer: class org.apache.jmeter.report.processor.NormalizerSampleConsumer#stopProducing(): normalizer produced 7160782 samples
2024-12-06 19:19:22,080 INFO o.a.j.r.p.CsvFileSampleSource: produce(): 7160782 samples produced in 2m 51s 568 ms on channel 0
2024-12-06 19:19:22,081 INFO o.a.j.r.d.ReportGenerator: Exporting data using exporter:'json' of className:'org.apache.jmeter.report.dashboard.JsonExporter'
2024-12-06 19:19:22,148 INFO o.a.j.r.d.JsonExporter: Found data for consumer statisticsSummary in context
2024-12-06 19:19:22,148 INFO o.a.j.r.d.JsonExporter: Creating statistics for overall
2024-12-06 19:19:22,148 INFO o.a.j.r.d.JsonExporter: Creating statistics for other transactions
2024-12-06 19:19:22,149 INFO o.a.j.r.d.JsonExporter: Checking output folder
2024-12-06 19:19:22,153 INFO o.a.j.r.d.JsonExporter: Writing statistics JSON to D:\JMeter 5.6.3\apache-jmeter-5.6.3\bin\Sprint 1\html_report\statistics.json
2024-12-06 19:19:22,197 INFO o.a.j.r.d.ReportGenerator: Exporting data using exporter:'html' of className:'org.apache.jmeter.report.dashboard.HtmlTemplateExporter'
2024-12-06 19:19:22,199 INFO o.a.j.r.d.HtmlTemplateExporter: Will generate dashboard in folder: D:\JMeter 5.6.3\apache-jmeter-5.6.3\bin\Sprint 1\html_report
2024-12-06 19:19:22,438 INFO o.a.j.r.d.HtmlTemplateExporter: Report will be generated in: D:\JMeter 5.6.3\apache-jmeter-5.6.3\bin\Sprint 1\html_report, creating folder structure
2024-12-06 19:19:22,441 INFO o.a.j.r.d.TemplateVisitor: Copying folder from 'D:\JMeter 5.6.3\apache-jmeter-5.6.3\bin\report-template' to 'D:\JMeter 5.6.3\apache-jmeter-5.6.3\bin\Sprint 1\html_report', got message: D:\JMeter 5.6.3\apache-jmeter-5.6.3\bin\Sprint 1\html_report, found non empty folder with following content [D:\JMeter 5.6.3\apache-jmeter-5.6.3\bin\Sprint 1\html_report\statistics.json], will be ignored
